
/home/runner/work/exp-context-switching-iiith/exp-context-switching-iiith/experiment/simulation/js/main.js
     9:1   warning  'trap_handler' is not defined                     no-undef
    18:7   warning  'pin' is assigned a value but never used          no-unused-vars
    19:7   warning  'task' is assigned a value but never used         no-unused-vars
   311:9   warning  'trap_handler' is not defined                     no-undef
   319:14  warning  'i' is already defined                            no-redeclare
   360:7   warning  'trap_handler' is not defined                     no-undef
   378:11  warning  'fb' is already defined                           no-redeclare
   379:11  warning  'prompt' is already defined                       no-redeclare
   383:7   warning  'trap_handler' is not defined                     no-undef
   398:9   warning  'prompt' is already defined                       no-redeclare
   485:9   warning  'trap_handler' is not defined                     no-undef
   493:14  warning  'i' is already defined                            no-redeclare
   533:7   warning  'trap_handler' is not defined                     no-undef
   555:11  warning  'fb' is already defined                           no-redeclare
   556:11  warning  'prompt' is already defined                       no-redeclare
   560:7   warning  'trap_handler' is not defined                     no-undef
   574:9   warning  'prompt' is already defined                       no-redeclare
   693:10  warning  'next' is defined but never used                  no-unused-vars
   700:10  warning  'previous' is defined but never used              no-unused-vars
   707:10  warning  'bootstrap' is defined but never used             no-unused-vars
   901:7   warning  'cell1' is already defined                        no-redeclare
   909:7   warning  'cell1' is already defined                        no-redeclare
   917:10  warning  'save_to_k_stack' is defined but never used       no-unused-vars
   942:7   warning  'fb' is already defined                           no-redeclare
   943:7   warning  'prompt' is already defined                       no-redeclare
   974:10  warning  'move_to_kernel_mode' is defined but never used   no-unused-vars
  1001:7   warning  'fb' is already defined                           no-redeclare
  1002:7   warning  'prompt' is already defined                       no-redeclare
  1007:10  warning  'shift_to_kernel' is defined but never used       no-unused-vars
  1032:7   warning  'fb' is already defined                           no-redeclare
  1033:7   warning  'prompt' is already defined                       no-redeclare
  1041:7   warning  'trap_handler' is not defined                     no-undef
  1075:7   warning  'trap_handler' is not defined                     no-undef
  1109:7   warning  'trap_handler' is not defined                     no-undef
  1178:7   warning  'trap_handler' is not defined                     no-undef
  1216:3   warning  'cpu' is not defined                              no-undef
  1217:3   warning  'cpu' is not defined                              no-undef
  1234:10  warning  'trap_code_execute' is defined but never used     no-unused-vars
  1257:7   warning  'trap_handler' is not defined                     no-undef
  1268:7   warning  'cell1' is already defined                        no-redeclare
  1275:7   warning  'trap_handler' is not defined                     no-undef
  1276:9   warning  'row' is already defined                          no-redeclare
  1277:9   warning  'cell1' is already defined                        no-redeclare
  1286:7   warning  'cell1' is already defined                        no-redeclare
  1291:7   warning  'trap_handler' is not defined                     no-undef
  1297:10  warning  'save_to_PCB' is defined but never used           no-unused-vars
  1309:7   warning  'trap_handler' is not defined                     no-undef
  1316:7   warning  'fb' is already defined                           no-redeclare
  1317:7   warning  'prompt' is already defined                       no-redeclare
  1397:10  warning  'restore_from_PCB' is defined but never used      no-unused-vars
  1411:7   warning  'fb' is already defined                           no-redeclare
  1412:7   warning  'prompt' is already defined                       no-redeclare
  1430:10  warning  'switch_to_k_stack' is defined but never used     no-unused-vars
  1444:7   warning  'fb' is already defined                           no-redeclare
  1445:7   warning  'prompt' is already defined                       no-redeclare
  1471:10  warning  'return_from_trap' is defined but never used      no-unused-vars
  1485:7   warning  'trap_handler' is not defined                     no-undef
  1486:9   warning  'fb' is already defined                           no-redeclare
  1487:9   warning  'prompt' is already defined                       no-redeclare
  1499:7   warning  'fb' is already defined                           no-redeclare
  1500:7   warning  'prompt' is already defined                       no-redeclare
  1548:7   warning  'row' is already defined                          no-redeclare
  1549:7   warning  'cell1' is already defined                        no-redeclare
  1557:7   warning  'row' is already defined                          no-redeclare
  1558:7   warning  'cell1' is already defined                        no-redeclare
  1571:10  warning  'restore_from_k_stack' is defined but never used  no-unused-vars
  1585:7   warning  'fb' is already defined                           no-redeclare
  1586:7   warning  'prompt' is already defined                       no-redeclare
  1602:10  warning  'change_cpu_mode' is defined but never used       no-unused-vars
  1616:7   warning  'fb' is already defined                           no-redeclare
  1617:7   warning  'prompt' is already defined                       no-redeclare
  1633:10  warning  'jump_to_user' is defined but never used          no-unused-vars
  1647:7   warning  'fb' is already defined                           no-redeclare
  1648:7   warning  'prompt' is already defined                       no-redeclare
  1683:10  warning  'openTheory' is defined but never used            no-unused-vars
  1691:10  warning  'openContent' is defined but never used           no-unused-vars

/home/runner/work/exp-context-switching-iiith/exp-context-switching-iiith/experiment/simulation/webpack.config.js
   1:14  warning  'require' is not defined    no-undef
   3:1   warning  'module' is not defined     no-undef
  19:24  warning  '__dirname' is not defined  no-undef

✖ 79 problems (0 errors, 79 warnings)

